[1;32m2019-02-26 16:20:16,372[0;39m INFO [main] [1;31mse.kth.iv1201.recruitmentsystem.RecruitmentSystemApplication[0;39m [StartupInfoLogger.java:50] [1;35mStarting RecruitmentSystemApplication on LAPTOP-IK24FOC2 with PID 16484 (C:\Users\adria\IdeaProjects\Architecture_and_Design_of_Global_Applications\IV1201-Project\target\classes started by adria in C:\Users\adria\IdeaProjects\Architecture_and_Design_of_Global_Applications\IV1201-Project)[0;39m 
 
[1;32m2019-02-26 16:20:16,377[0;39m DEBUG [main] [1;31mse.kth.iv1201.recruitmentsystem.RecruitmentSystemApplication[0;39m [StartupInfoLogger.java:53] [1;35mRunning with Spring Boot v2.1.2.RELEASE, Spring v5.1.4.RELEASE[0;39m 
 
[1;32m2019-02-26 16:20:16,378[0;39m INFO [main] [1;31mse.kth.iv1201.recruitmentsystem.RecruitmentSystemApplication[0;39m [SpringApplication.java:675] [1;35mNo active profile set, falling back to default profiles: default[0;39m 
 
[1;32m2019-02-26 16:20:23,426[0;39m INFO [main] [1;31mse.kth.iv1201.recruitmentsystem.RecruitmentSystemApplication[0;39m [StartupInfoLogger.java:59] [1;35mStarted RecruitmentSystemApplication in 7.861 seconds (JVM running for 9.218)[0;39m 
 
[1;32m2019-02-26 16:24:42,219[0;39m INFO [main] [1;31mse.kth.iv1201.recruitmentsystem.RecruitmentSystemApplication[0;39m [StartupInfoLogger.java:50] [1;35mStarting RecruitmentSystemApplication on LAPTOP-IK24FOC2 with PID 12508 (C:\Users\adria\IdeaProjects\Architecture_and_Design_of_Global_Applications\IV1201-Project\target\classes started by adria in C:\Users\adria\IdeaProjects\Architecture_and_Design_of_Global_Applications\IV1201-Project)[0;39m 
 
[1;32m2019-02-26 16:24:42,223[0;39m DEBUG [main] [1;31mse.kth.iv1201.recruitmentsystem.RecruitmentSystemApplication[0;39m [StartupInfoLogger.java:53] [1;35mRunning with Spring Boot v2.1.2.RELEASE, Spring v5.1.4.RELEASE[0;39m 
 
[1;32m2019-02-26 16:24:42,225[0;39m INFO [main] [1;31mse.kth.iv1201.recruitmentsystem.RecruitmentSystemApplication[0;39m [SpringApplication.java:675] [1;35mNo active profile set, falling back to default profiles: default[0;39m 
 
[1;32m2019-02-26 16:24:49,204[0;39m INFO [main] [1;31mse.kth.iv1201.recruitmentsystem.RecruitmentSystemApplication[0;39m [StartupInfoLogger.java:59] [1;35mStarted RecruitmentSystemApplication in 7.803 seconds (JVM running for 9.677)[0;39m 
 
[1;32m2019-02-28 10:41:16,998[0;39m INFO [main] [1;31mse.kth.iv1201.recruitmentsystem.RecruitmentSystemApplication[0;39m [StartupInfoLogger.java:50] [1;35mStarting RecruitmentSystemApplication on DESKTOP-IJMVNPD with PID 16268 (started by Joey in C:\Users\Joey\Documents\Skola\Kurser\Design of Global Applications (IV1201)\IV1201-Project)[0;39m 
 
[1;32m2019-02-28 10:41:17,001[0;39m DEBUG [main] [1;31mse.kth.iv1201.recruitmentsystem.RecruitmentSystemApplication[0;39m [StartupInfoLogger.java:53] [1;35mRunning with Spring Boot v2.1.2.RELEASE, Spring v5.1.4.RELEASE[0;39m 
 
[1;32m2019-02-28 10:41:17,002[0;39m INFO [main] [1;31mse.kth.iv1201.recruitmentsystem.RecruitmentSystemApplication[0;39m [SpringApplication.java:675] [1;35mNo active profile set, falling back to default profiles: default[0;39m 
 
[1;32m2019-02-28 10:41:21,838[0;39m INFO [main] [1;31mse.kth.iv1201.recruitmentsystem.RecruitmentSystemApplication[0;39m [StartupInfoLogger.java:59] [1;35mStarted RecruitmentSystemApplication in 5.591 seconds (JVM running for 7.321)[0;39m 
 
[1;32m2019-02-28 10:43:37,984[0;39m INFO [main] [1;31mse.kth.iv1201.recruitmentsystem.RecruitmentSystemApplication[0;39m [StartupInfoLogger.java:50] [1;35mStarting RecruitmentSystemApplication on DESKTOP-IJMVNPD with PID 11248 (started by Joey in C:\Users\Joey\Documents\Skola\Kurser\Design of Global Applications (IV1201)\IV1201-Project)[0;39m 
 
[1;32m2019-02-28 10:43:37,987[0;39m DEBUG [main] [1;31mse.kth.iv1201.recruitmentsystem.RecruitmentSystemApplication[0;39m [StartupInfoLogger.java:53] [1;35mRunning with Spring Boot v2.1.2.RELEASE, Spring v5.1.4.RELEASE[0;39m 
 
[1;32m2019-02-28 10:43:37,989[0;39m INFO [main] [1;31mse.kth.iv1201.recruitmentsystem.RecruitmentSystemApplication[0;39m [SpringApplication.java:675] [1;35mNo active profile set, falling back to default profiles: default[0;39m 
 
[1;32m2019-02-28 10:43:42,596[0;39m INFO [main] [1;31mse.kth.iv1201.recruitmentsystem.RecruitmentSystemApplication[0;39m [StartupInfoLogger.java:59] [1;35mStarted RecruitmentSystemApplication in 5.198 seconds (JVM running for 6.782)[0;39m 
 
[1;32m2019-02-28 10:43:53,695[0;39m DEBUG [http-nio-8080-exec-2] [1;31mse.kth.iv1201.recruitmentsystem.presentation.error.ExceptionHandlers[0;39m [ExceptionHandlers.java:66] [1;35mHttp error handler gott Http status: 404[0;39m 
 
[1;32m2019-02-28 10:47:33,903[0;39m INFO [main] [1;31mse.kth.iv1201.recruitmentsystem.RecruitmentSystemApplication[0;39m [StartupInfoLogger.java:50] [1;35mStarting RecruitmentSystemApplication on DESKTOP-IJMVNPD with PID 10668 (started by Joey in C:\Users\Joey\Documents\Skola\Kurser\Design of Global Applications (IV1201)\IV1201-Project)[0;39m 
 
[1;32m2019-02-28 10:47:33,906[0;39m DEBUG [main] [1;31mse.kth.iv1201.recruitmentsystem.RecruitmentSystemApplication[0;39m [StartupInfoLogger.java:53] [1;35mRunning with Spring Boot v2.1.2.RELEASE, Spring v5.1.4.RELEASE[0;39m 
 
[1;32m2019-02-28 10:47:33,908[0;39m INFO [main] [1;31mse.kth.iv1201.recruitmentsystem.RecruitmentSystemApplication[0;39m [SpringApplication.java:675] [1;35mNo active profile set, falling back to default profiles: default[0;39m 
 
[1;32m2019-02-28 10:47:38,516[0;39m INFO [main] [1;31mse.kth.iv1201.recruitmentsystem.RecruitmentSystemApplication[0;39m [StartupInfoLogger.java:59] [1;35mStarted RecruitmentSystemApplication in 5.238 seconds (JVM running for 6.803)[0;39m 
 
[1;32m2019-02-28 10:49:44,918[0;39m INFO [main] [1;31mse.kth.iv1201.recruitmentsystem.RecruitmentSystemApplication[0;39m [StartupInfoLogger.java:50] [1;35mStarting RecruitmentSystemApplication on DESKTOP-IJMVNPD with PID 22292 (started by Joey in C:\Users\Joey\Documents\Skola\Kurser\Design of Global Applications (IV1201)\IV1201-Project)[0;39m 
 
[1;32m2019-02-28 10:49:44,954[0;39m DEBUG [main] [1;31mse.kth.iv1201.recruitmentsystem.RecruitmentSystemApplication[0;39m [StartupInfoLogger.java:53] [1;35mRunning with Spring Boot v2.1.2.RELEASE, Spring v5.1.4.RELEASE[0;39m 
 
[1;32m2019-02-28 10:49:44,955[0;39m INFO [main] [1;31mse.kth.iv1201.recruitmentsystem.RecruitmentSystemApplication[0;39m [SpringApplication.java:675] [1;35mNo active profile set, falling back to default profiles: default[0;39m 
 
[1;32m2019-02-28 10:49:49,144[0;39m INFO [main] [1;31mse.kth.iv1201.recruitmentsystem.RecruitmentSystemApplication[0;39m [StartupInfoLogger.java:59] [1;35mStarted RecruitmentSystemApplication in 4.958 seconds (JVM running for 6.738)[0;39m 
 
[1;32m2019-02-28 10:50:36,356[0;39m WARN [http-nio-8080-exec-1] [1;31morg.apache.catalina.util.SessionIdGeneratorBase[0;39m [DirectJDKLog.java:173] [1;35mCreation of SecureRandom instance for session ID generation using [SHA1PRNG] took [205] milliseconds.[0;39m 
 
[1;32m2019-02-28 10:50:36,383[0;39m DEBUG [http-nio-8080-exec-1] [1;31mse.kth.iv1201.recruitmentsystem.presentation.error.ExceptionHandlers[0;39m [ExceptionHandlers.java:66] [1;35mHttp error handler gott Http status: 401[0;39m 
 
[1;32m2019-02-28 10:51:47,955[0;39m DEBUG [http-nio-8080-exec-5] [1;31mse.kth.iv1201.recruitmentsystem.presentation.error.ExceptionHandlers[0;39m [ExceptionHandlers.java:66] [1;35mHttp error handler gott Http status: 401[0;39m 
 
[1;32m2019-02-28 10:52:16,481[0;39m DEBUG [http-nio-8080-exec-6] [1;31mse.kth.iv1201.recruitmentsystem.presentation.error.ExceptionHandlers[0;39m [ExceptionHandlers.java:66] [1;35mHttp error handler gott Http status: 401[0;39m 
 
[1;32m2019-02-28 10:52:28,301[0;39m INFO [main] [1;31mse.kth.iv1201.recruitmentsystem.RecruitmentSystemApplication[0;39m [StartupInfoLogger.java:50] [1;35mStarting RecruitmentSystemApplication on DESKTOP-IJMVNPD with PID 15220 (started by Joey in C:\Users\Joey\Documents\Skola\Kurser\Design of Global Applications (IV1201)\IV1201-Project)[0;39m 
 
[1;32m2019-02-28 10:52:28,304[0;39m DEBUG [main] [1;31mse.kth.iv1201.recruitmentsystem.RecruitmentSystemApplication[0;39m [StartupInfoLogger.java:53] [1;35mRunning with Spring Boot v2.1.2.RELEASE, Spring v5.1.4.RELEASE[0;39m 
 
[1;32m2019-02-28 10:52:28,305[0;39m INFO [main] [1;31mse.kth.iv1201.recruitmentsystem.RecruitmentSystemApplication[0;39m [SpringApplication.java:675] [1;35mNo active profile set, falling back to default profiles: default[0;39m 
 
[1;32m2019-02-28 10:52:32,887[0;39m INFO [main] [1;31mse.kth.iv1201.recruitmentsystem.RecruitmentSystemApplication[0;39m [StartupInfoLogger.java:59] [1;35mStarted RecruitmentSystemApplication in 5.41 seconds (JVM running for 7.158)[0;39m 
 
[1;32m2019-02-28 10:52:37,580[0;39m WARN [http-nio-8080-exec-2] [1;31morg.apache.catalina.util.SessionIdGeneratorBase[0;39m [DirectJDKLog.java:173] [1;35mCreation of SecureRandom instance for session ID generation using [SHA1PRNG] took [150] milliseconds.[0;39m 
 
[1;32m2019-02-28 10:52:37,595[0;39m DEBUG [http-nio-8080-exec-2] [1;31mse.kth.iv1201.recruitmentsystem.presentation.error.ExceptionHandlers[0;39m [ExceptionHandlers.java:66] [1;35mHttp error handler gott Http status: 401[0;39m 
 
[1;32m2019-02-28 10:56:52,099[0;39m TRACE [http-nio-8080-exec-4] [1;31mse.kth.iv1201.recruitmentsystem.presentation.app.ApplicationController[0;39m [ApplicationController.java:83] [1;35mCall to context root.[0;39m 
 
[1;32m2019-02-28 10:56:52,129[0;39m TRACE [http-nio-8080-exec-5] [1;31mse.kth.iv1201.recruitmentsystem.presentation.app.ApplicationController[0;39m [ApplicationController.java:94] [1;35mCall to registration view.[0;39m 
 
[1;32m2019-02-28 10:56:55,712[0;39m TRACE [http-nio-8080-exec-8] [1;31mse.kth.iv1201.recruitmentsystem.presentation.app.ApplicationController[0;39m [ApplicationController.java:108] [1;35mCall to login view.[0;39m 
 
[1;32m2019-02-28 10:57:04,999[0;39m TRACE [http-nio-8080-exec-4] [1;31mse.kth.iv1201.recruitmentsystem.presentation.app.ApplicationController[0;39m [ApplicationController.java:61] [1;35mCall to default after login view.[0;39m 
 
[1;32m2019-02-28 10:58:51,754[0;39m WARN [http-nio-8080-exec-1] [1;31morg.springframework.web.servlet.mvc.support.DefaultHandlerExceptionResolver[0;39m [AbstractHandlerExceptionResolver.java:194] [1;35mResolved [org.springframework.web.HttpRequestMethodNotSupportedException: Request method 'POST' not supported][0;39m 
 
[1;32m2019-02-28 11:00:40,991[0;39m INFO [main] [1;31mse.kth.iv1201.recruitmentsystem.RecruitmentSystemApplication[0;39m [StartupInfoLogger.java:50] [1;35mStarting RecruitmentSystemApplication on DESKTOP-IJMVNPD with PID 8352 (started by Joey in C:\Users\Joey\Documents\Skola\Kurser\Design of Global Applications (IV1201)\IV1201-Project)[0;39m 
 
[1;32m2019-02-28 11:00:40,994[0;39m DEBUG [main] [1;31mse.kth.iv1201.recruitmentsystem.RecruitmentSystemApplication[0;39m [StartupInfoLogger.java:53] [1;35mRunning with Spring Boot v2.1.2.RELEASE, Spring v5.1.4.RELEASE[0;39m 
 
[1;32m2019-02-28 11:00:40,995[0;39m INFO [main] [1;31mse.kth.iv1201.recruitmentsystem.RecruitmentSystemApplication[0;39m [SpringApplication.java:675] [1;35mNo active profile set, falling back to default profiles: default[0;39m 
 
[1;32m2019-02-28 11:00:45,882[0;39m INFO [main] [1;31mse.kth.iv1201.recruitmentsystem.RecruitmentSystemApplication[0;39m [StartupInfoLogger.java:59] [1;35mStarted RecruitmentSystemApplication in 5.568 seconds (JVM running for 7.279)[0;39m 
 
[1;32m2019-02-28 11:01:01,447[0;39m WARN [http-nio-8080-exec-2] [1;31morg.apache.catalina.util.SessionIdGeneratorBase[0;39m [DirectJDKLog.java:173] [1;35mCreation of SecureRandom instance for session ID generation using [SHA1PRNG] took [135] milliseconds.[0;39m 
 
[1;32m2019-02-28 11:14:19,538[0;39m INFO [main] [1;31mse.kth.iv1201.recruitmentsystem.RecruitmentSystemApplication[0;39m [StartupInfoLogger.java:50] [1;35mStarting RecruitmentSystemApplication on DESKTOP-IJMVNPD with PID 8280 (started by Joey in C:\Users\Joey\Documents\Skola\Kurser\Design of Global Applications (IV1201)\IV1201-Project)[0;39m 
 
[1;32m2019-02-28 11:14:19,543[0;39m DEBUG [main] [1;31mse.kth.iv1201.recruitmentsystem.RecruitmentSystemApplication[0;39m [StartupInfoLogger.java:53] [1;35mRunning with Spring Boot v2.1.2.RELEASE, Spring v5.1.4.RELEASE[0;39m 
 
[1;32m2019-02-28 11:14:19,544[0;39m INFO [main] [1;31mse.kth.iv1201.recruitmentsystem.RecruitmentSystemApplication[0;39m [SpringApplication.java:675] [1;35mNo active profile set, falling back to default profiles: default[0;39m 
 
[1;32m2019-02-28 11:14:27,085[0;39m INFO [main] [1;31mse.kth.iv1201.recruitmentsystem.RecruitmentSystemApplication[0;39m [StartupInfoLogger.java:59] [1;35mStarted RecruitmentSystemApplication in 8.297 seconds (JVM running for 10.104)[0;39m 
 
[1;32m2019-02-28 11:14:46,802[0;39m WARN [http-nio-8080-exec-1] [1;31morg.apache.catalina.util.SessionIdGeneratorBase[0;39m [DirectJDKLog.java:173] [1;35mCreation of SecureRandom instance for session ID generation using [SHA1PRNG] took [198] milliseconds.[0;39m 
 
[1;32m2019-02-28 11:14:46,830[0;39m DEBUG [http-nio-8080-exec-1] [1;31mse.kth.iv1201.recruitmentsystem.presentation.error.ExceptionHandlers[0;39m [ExceptionHandlers.java:66] [1;35mHttp error handler gott Http status: 401[0;39m 
 
[1;32m2019-02-28 11:20:40,435[0;39m TRACE [http-nio-8080-exec-6] [1;31mse.kth.iv1201.recruitmentsystem.presentation.app.ApplicationController[0;39m [ApplicationController.java:83] [1;35mCall to context root.[0;39m 
 
[1;32m2019-02-28 11:23:37,391[0;39m DEBUG [http-nio-8080-exec-10] [1;31mse.kth.iv1201.recruitmentsystem.presentation.error.ExceptionHandlers[0;39m [ExceptionHandlers.java:66] [1;35mHttp error handler gott Http status: 403[0;39m 
 
[1;32m2019-02-28 11:37:30,688[0;39m INFO [main] [1;31mse.kth.iv1201.recruitmentsystem.application.ApplicationServiceTest[0;39m [StartupInfoLogger.java:50] [1;35mStarting ApplicationServiceTest on DESKTOP-IJMVNPD with PID 14748 (started by Joey in C:\Users\Joey\Documents\Skola\Kurser\Design of Global Applications (IV1201)\IV1201-Project)[0;39m 
 
[1;32m2019-02-28 11:37:30,690[0;39m DEBUG [main] [1;31mse.kth.iv1201.recruitmentsystem.application.ApplicationServiceTest[0;39m [StartupInfoLogger.java:53] [1;35mRunning with Spring Boot v2.1.2.RELEASE, Spring v5.1.4.RELEASE[0;39m 
 
[1;32m2019-02-28 11:37:30,694[0;39m INFO [main] [1;31mse.kth.iv1201.recruitmentsystem.application.ApplicationServiceTest[0;39m [SpringApplication.java:675] [1;35mNo active profile set, falling back to default profiles: default[0;39m 
 
[1;32m2019-02-28 11:37:43,359[0;39m INFO [main] [1;31mse.kth.iv1201.recruitmentsystem.application.ApplicationServiceTest[0;39m [StartupInfoLogger.java:59] [1;35mStarted ApplicationServiceTest in 13.649 seconds (JVM running for 16.071)[0;39m 
 
[1;32m2019-02-28 11:38:05,665[0;39m TRACE [main] [1;31mse.kth.iv1201.recruitmentsystem.presentation.app.ApplicationController[0;39m [ApplicationController.java:83] [1;35mCall to context root.[0;39m 
 
[1;32m2019-02-28 11:38:06,196[0;39m TRACE [main] [1;31mse.kth.iv1201.recruitmentsystem.presentation.app.ApplicationController[0;39m [ApplicationController.java:108] [1;35mCall to login view.[0;39m 
 
[1;32m2019-02-28 11:38:08,074[0;39m TRACE [main] [1;31mse.kth.iv1201.recruitmentsystem.presentation.app.ApplicationController[0;39m [ApplicationController.java:94] [1;35mCall to registration view.[0;39m 
 
[1;32m2019-02-28 11:38:09,745[0;39m TRACE [main] [1;31mse.kth.iv1201.recruitmentsystem.presentation.app.ApplicationController[0;39m [ApplicationController.java:199] [1;35mPost of registration data.[0;39m 
 
[1;32m2019-02-28 11:38:09,749[0;39m TRACE [main] [1;31mse.kth.iv1201.recruitmentsystem.presentation.app.ApplicationController[0;39m [ApplicationController.java:200] [1;35mForm data: se.kth.iv1201.recruitmentsystem.presentation.app.RegistrationForm@3f7d20c5[0;39m 
 
[1;32m2019-02-28 11:38:09,906[0;39m TRACE [main] [1;31mse.kth.iv1201.recruitmentsystem.presentation.app.ApplicationController[0;39m [ApplicationController.java:108] [1;35mCall to login view.[0;39m 
 
[1;32m2019-02-28 11:38:10,599[0;39m TRACE [main] [1;31mse.kth.iv1201.recruitmentsystem.presentation.app.ApplicationController[0;39m [ApplicationController.java:199] [1;35mPost of registration data.[0;39m 
 
[1;32m2019-02-28 11:38:10,600[0;39m TRACE [main] [1;31mse.kth.iv1201.recruitmentsystem.presentation.app.ApplicationController[0;39m [ApplicationController.java:200] [1;35mForm data: se.kth.iv1201.recruitmentsystem.presentation.app.RegistrationForm@1c027237[0;39m 
 
[1;32m2019-02-28 11:38:30,780[0;39m TRACE [main] [1;31mse.kth.iv1201.recruitmentsystem.presentation.app.ApplicationController[0;39m [ApplicationController.java:160] [1;35mCall to handle application view.[0;39m 
 
[1;32m2019-02-28 11:38:32,502[0;39m TRACE [main] [1;31mse.kth.iv1201.recruitmentsystem.presentation.app.ApplicationController[0;39m [ApplicationController.java:125] [1;35mCall to application view.[0;39m 
 
[1;32m2019-02-28 12:03:43,830[0;39m INFO [main] [1;31mse.kth.iv1201.recruitmentsystem.RecruitmentSystemApplication[0;39m [StartupInfoLogger.java:50] [1;35mStarting RecruitmentSystemApplication on DESKTOP-IJMVNPD with PID 10064 (started by Joey in C:\Users\Joey\Documents\Skola\Kurser\Design of Global Applications (IV1201)\IV1201-Project)[0;39m 
 
[1;32m2019-02-28 12:03:43,834[0;39m DEBUG [main] [1;31mse.kth.iv1201.recruitmentsystem.RecruitmentSystemApplication[0;39m [StartupInfoLogger.java:53] [1;35mRunning with Spring Boot v2.1.2.RELEASE, Spring v5.1.4.RELEASE[0;39m 
 
[1;32m2019-02-28 12:03:43,836[0;39m INFO [main] [1;31mse.kth.iv1201.recruitmentsystem.RecruitmentSystemApplication[0;39m [SpringApplication.java:675] [1;35mNo active profile set, falling back to default profiles: default[0;39m 
 
[1;32m2019-02-28 12:03:49,366[0;39m INFO [main] [1;31mse.kth.iv1201.recruitmentsystem.RecruitmentSystemApplication[0;39m [StartupInfoLogger.java:59] [1;35mStarted RecruitmentSystemApplication in 6.628 seconds (JVM running for 10.291)[0;39m 
 
[1;32m2019-02-28 12:04:21,667[0;39m WARN [http-nio-8080-exec-2] [1;31morg.springframework.web.servlet.mvc.support.DefaultHandlerExceptionResolver[0;39m [AbstractHandlerExceptionResolver.java:194] [1;35mResolved [org.springframework.web.HttpRequestMethodNotSupportedException: Request method 'POST' not supported][0;39m 
 
[1;32m2019-02-28 13:59:45,191[0;39m INFO [main] [1;31mse.kth.iv1201.recruitmentsystem.RecruitmentSystemApplication[0;39m [StartupInfoLogger.java:50] [1;35mStarting RecruitmentSystemApplication on DESKTOP-IJMVNPD with PID 16220 (started by Joey in C:\Users\Joey\Documents\Skola\Kurser\Design of Global Applications (IV1201)\IV1201-Project)[0;39m 
 
[1;32m2019-02-28 13:59:45,194[0;39m DEBUG [main] [1;31mse.kth.iv1201.recruitmentsystem.RecruitmentSystemApplication[0;39m [StartupInfoLogger.java:53] [1;35mRunning with Spring Boot v2.1.2.RELEASE, Spring v5.1.4.RELEASE[0;39m 
 
[1;32m2019-02-28 13:59:45,195[0;39m INFO [main] [1;31mse.kth.iv1201.recruitmentsystem.RecruitmentSystemApplication[0;39m [SpringApplication.java:675] [1;35mNo active profile set, falling back to default profiles: default[0;39m 
 
[1;32m2019-02-28 13:59:49,370[0;39m WARN [main] [1;31morg.springframework.boot.web.servlet.context.AnnotationConfigServletWebServerApplicationContext[0;39m [AbstractApplicationContext.java:554] [1;35mException encountered during context initialization - cancelling refresh attempt: org.springframework.beans.factory.BeanCreationException: Error creating bean with name 'dataSourceInitializer' defined in class path resource [se/kth/iv1201/recruitmentsystem/config/AuthServerOAuth2Config.class]: Invocation of init method failed; nested exception is org.springframework.jdbc.datasource.init.CannotReadScriptException: Cannot read SQL script from ServletContext resource [/src/main/resources/sql/schema.sql]; nested exception is java.io.FileNotFoundException: Could not open ServletContext resource [/src/main/resources/sql/schema.sql][0;39m 
 
[1;32m2019-02-28 13:59:49,391[0;39m ERROR [main] [1;31morg.springframework.boot.SpringApplication[0;39m [SpringApplication.java:858] [1;35mApplication run failed[0;39m 
 
org.springframework.beans.factory.BeanCreationException: Error creating bean with name 'dataSourceInitializer' defined in class path resource [se/kth/iv1201/recruitmentsystem/config/AuthServerOAuth2Config.class]: Invocation of init method failed; nested exception is org.springframework.jdbc.datasource.init.CannotReadScriptException: Cannot read SQL script from ServletContext resource [/src/main/resources/sql/schema.sql]; nested exception is java.io.FileNotFoundException: Could not open ServletContext resource [/src/main/resources/sql/schema.sql]
	at org.springframework.beans.factory.support.AbstractAutowireCapableBeanFactory.initializeBean(AbstractAutowireCapableBeanFactory.java:1745)
	at org.springframework.beans.factory.support.AbstractAutowireCapableBeanFactory.doCreateBean(AbstractAutowireCapableBeanFactory.java:576)
	at org.springframework.beans.factory.support.AbstractAutowireCapableBeanFactory.createBean(AbstractAutowireCapableBeanFactory.java:498)
	at org.springframework.beans.factory.support.AbstractBeanFactory.lambda$doGetBean$0(AbstractBeanFactory.java:320)
	at org.springframework.beans.factory.support.DefaultSingletonBeanRegistry.getSingleton(DefaultSingletonBeanRegistry.java:222)
	at org.springframework.beans.factory.support.AbstractBeanFactory.doGetBean(AbstractBeanFactory.java:318)
	at org.springframework.beans.factory.support.AbstractBeanFactory.getBean(AbstractBeanFactory.java:199)
	at org.springframework.beans.factory.support.DefaultListableBeanFactory.preInstantiateSingletons(DefaultListableBeanFactory.java:846)
	at org.springframework.context.support.AbstractApplicationContext.finishBeanFactoryInitialization(AbstractApplicationContext.java:863)
	at org.springframework.context.support.AbstractApplicationContext.refresh(AbstractApplicationContext.java:546)
	at org.springframework.boot.web.servlet.context.ServletWebServerApplicationContext.refresh(ServletWebServerApplicationContext.java:142)
	at org.springframework.boot.SpringApplication.refresh(SpringApplication.java:775)
	at org.springframework.boot.SpringApplication.refreshContext(SpringApplication.java:397)
	at org.springframework.boot.SpringApplication.run(SpringApplication.java:316)
	at org.springframework.boot.SpringApplication.run(SpringApplication.java:1260)
	at org.springframework.boot.SpringApplication.run(SpringApplication.java:1248)
	at se.kth.iv1201.recruitmentsystem.RecruitmentSystemApplication.main(RecruitmentSystemApplication.java:13)
Caused by: org.springframework.jdbc.datasource.init.CannotReadScriptException: Cannot read SQL script from ServletContext resource [/src/main/resources/sql/schema.sql]; nested exception is java.io.FileNotFoundException: Could not open ServletContext resource [/src/main/resources/sql/schema.sql]
	at org.springframework.jdbc.datasource.init.ScriptUtils.executeSqlScript(ScriptUtils.java:466)
	at org.springframework.jdbc.datasource.init.ResourceDatabasePopulator.populate(ResourceDatabasePopulator.java:240)
	at org.springframework.jdbc.datasource.init.DatabasePopulatorUtils.execute(DatabasePopulatorUtils.java:48)
	at org.springframework.jdbc.datasource.init.DataSourceInitializer.execute(DataSourceInitializer.java:111)
	at org.springframework.jdbc.datasource.init.DataSourceInitializer.afterPropertiesSet(DataSourceInitializer.java:96)
	at org.springframework.beans.factory.support.AbstractAutowireCapableBeanFactory.invokeInitMethods(AbstractAutowireCapableBeanFactory.java:1804)
	at org.springframework.beans.factory.support.AbstractAutowireCapableBeanFactory.initializeBean(AbstractAutowireCapableBeanFactory.java:1741)
	... 16 common frames omitted
Caused by: java.io.FileNotFoundException: Could not open ServletContext resource [/src/main/resources/sql/schema.sql]
	at org.springframework.web.context.support.ServletContextResource.getInputStream(ServletContextResource.java:158)
	at org.springframework.core.io.support.EncodedResource.getReader(EncodedResource.java:146)
	at org.springframework.jdbc.datasource.init.ScriptUtils.readScript(ScriptUtils.java:282)
	at org.springframework.jdbc.datasource.init.ScriptUtils.executeSqlScript(ScriptUtils.java:463)
	... 22 common frames omitted
[1;32m2019-02-28 14:02:42,332[0;39m INFO [main] [1;31mse.kth.iv1201.recruitmentsystem.RecruitmentSystemApplication[0;39m [StartupInfoLogger.java:50] [1;35mStarting RecruitmentSystemApplication on DESKTOP-IJMVNPD with PID 23216 (started by Joey in C:\Users\Joey\Documents\Skola\Kurser\Design of Global Applications (IV1201)\IV1201-Project)[0;39m 
 
[1;32m2019-02-28 14:02:42,335[0;39m DEBUG [main] [1;31mse.kth.iv1201.recruitmentsystem.RecruitmentSystemApplication[0;39m [StartupInfoLogger.java:53] [1;35mRunning with Spring Boot v2.1.2.RELEASE, Spring v5.1.4.RELEASE[0;39m 
 
[1;32m2019-02-28 14:02:42,337[0;39m INFO [main] [1;31mse.kth.iv1201.recruitmentsystem.RecruitmentSystemApplication[0;39m [SpringApplication.java:675] [1;35mNo active profile set, falling back to default profiles: default[0;39m 
 
[1;32m2019-02-28 14:02:46,344[0;39m WARN [main] [1;31morg.springframework.boot.web.servlet.context.AnnotationConfigServletWebServerApplicationContext[0;39m [AbstractApplicationContext.java:554] [1;35mException encountered during context initialization - cancelling refresh attempt: org.springframework.beans.factory.BeanCreationException: Error creating bean with name 'dataSourceInitializer' defined in class path resource [se/kth/iv1201/recruitmentsystem/config/AuthServerOAuth2Config.class]: Invocation of init method failed; nested exception is org.springframework.jdbc.datasource.init.CannotReadScriptException: Cannot read SQL script from ServletContext resource [/IV1201-Project/src/main/resources/sql/schema.sql]; nested exception is java.io.FileNotFoundException: Could not open ServletContext resource [/IV1201-Project/src/main/resources/sql/schema.sql][0;39m 
 
[1;32m2019-02-28 14:02:46,369[0;39m ERROR [main] [1;31morg.springframework.boot.SpringApplication[0;39m [SpringApplication.java:858] [1;35mApplication run failed[0;39m 
 
org.springframework.beans.factory.BeanCreationException: Error creating bean with name 'dataSourceInitializer' defined in class path resource [se/kth/iv1201/recruitmentsystem/config/AuthServerOAuth2Config.class]: Invocation of init method failed; nested exception is org.springframework.jdbc.datasource.init.CannotReadScriptException: Cannot read SQL script from ServletContext resource [/IV1201-Project/src/main/resources/sql/schema.sql]; nested exception is java.io.FileNotFoundException: Could not open ServletContext resource [/IV1201-Project/src/main/resources/sql/schema.sql]
	at org.springframework.beans.factory.support.AbstractAutowireCapableBeanFactory.initializeBean(AbstractAutowireCapableBeanFactory.java:1745)
	at org.springframework.beans.factory.support.AbstractAutowireCapableBeanFactory.doCreateBean(AbstractAutowireCapableBeanFactory.java:576)
	at org.springframework.beans.factory.support.AbstractAutowireCapableBeanFactory.createBean(AbstractAutowireCapableBeanFactory.java:498)
	at org.springframework.beans.factory.support.AbstractBeanFactory.lambda$doGetBean$0(AbstractBeanFactory.java:320)
	at org.springframework.beans.factory.support.DefaultSingletonBeanRegistry.getSingleton(DefaultSingletonBeanRegistry.java:222)
	at org.springframework.beans.factory.support.AbstractBeanFactory.doGetBean(AbstractBeanFactory.java:318)
	at org.springframework.beans.factory.support.AbstractBeanFactory.getBean(AbstractBeanFactory.java:199)
	at org.springframework.beans.factory.support.DefaultListableBeanFactory.preInstantiateSingletons(DefaultListableBeanFactory.java:846)
	at org.springframework.context.support.AbstractApplicationContext.finishBeanFactoryInitialization(AbstractApplicationContext.java:863)
	at org.springframework.context.support.AbstractApplicationContext.refresh(AbstractApplicationContext.java:546)
	at org.springframework.boot.web.servlet.context.ServletWebServerApplicationContext.refresh(ServletWebServerApplicationContext.java:142)
	at org.springframework.boot.SpringApplication.refresh(SpringApplication.java:775)
	at org.springframework.boot.SpringApplication.refreshContext(SpringApplication.java:397)
	at org.springframework.boot.SpringApplication.run(SpringApplication.java:316)
	at org.springframework.boot.SpringApplication.run(SpringApplication.java:1260)
	at org.springframework.boot.SpringApplication.run(SpringApplication.java:1248)
	at se.kth.iv1201.recruitmentsystem.RecruitmentSystemApplication.main(RecruitmentSystemApplication.java:13)
Caused by: org.springframework.jdbc.datasource.init.CannotReadScriptException: Cannot read SQL script from ServletContext resource [/IV1201-Project/src/main/resources/sql/schema.sql]; nested exception is java.io.FileNotFoundException: Could not open ServletContext resource [/IV1201-Project/src/main/resources/sql/schema.sql]
	at org.springframework.jdbc.datasource.init.ScriptUtils.executeSqlScript(ScriptUtils.java:466)
	at org.springframework.jdbc.datasource.init.ResourceDatabasePopulator.populate(ResourceDatabasePopulator.java:240)
	at org.springframework.jdbc.datasource.init.DatabasePopulatorUtils.execute(DatabasePopulatorUtils.java:48)
	at org.springframework.jdbc.datasource.init.DataSourceInitializer.execute(DataSourceInitializer.java:111)
	at org.springframework.jdbc.datasource.init.DataSourceInitializer.afterPropertiesSet(DataSourceInitializer.java:96)
	at org.springframework.beans.factory.support.AbstractAutowireCapableBeanFactory.invokeInitMethods(AbstractAutowireCapableBeanFactory.java:1804)
	at org.springframework.beans.factory.support.AbstractAutowireCapableBeanFactory.initializeBean(AbstractAutowireCapableBeanFactory.java:1741)
	... 16 common frames omitted
Caused by: java.io.FileNotFoundException: Could not open ServletContext resource [/IV1201-Project/src/main/resources/sql/schema.sql]
	at org.springframework.web.context.support.ServletContextResource.getInputStream(ServletContextResource.java:158)
	at org.springframework.core.io.support.EncodedResource.getReader(EncodedResource.java:146)
	at org.springframework.jdbc.datasource.init.ScriptUtils.readScript(ScriptUtils.java:282)
	at org.springframework.jdbc.datasource.init.ScriptUtils.executeSqlScript(ScriptUtils.java:463)
	... 22 common frames omitted
[1;32m2019-02-28 14:03:18,813[0;39m INFO [main] [1;31mse.kth.iv1201.recruitmentsystem.RecruitmentSystemApplication[0;39m [StartupInfoLogger.java:50] [1;35mStarting RecruitmentSystemApplication on DESKTOP-IJMVNPD with PID 2948 (started by Joey in C:\Users\Joey\Documents\Skola\Kurser\Design of Global Applications (IV1201)\IV1201-Project)[0;39m 
 
[1;32m2019-02-28 14:03:18,816[0;39m DEBUG [main] [1;31mse.kth.iv1201.recruitmentsystem.RecruitmentSystemApplication[0;39m [StartupInfoLogger.java:53] [1;35mRunning with Spring Boot v2.1.2.RELEASE, Spring v5.1.4.RELEASE[0;39m 
 
[1;32m2019-02-28 14:03:18,817[0;39m INFO [main] [1;31mse.kth.iv1201.recruitmentsystem.RecruitmentSystemApplication[0;39m [SpringApplication.java:675] [1;35mNo active profile set, falling back to default profiles: default[0;39m 
 
[1;32m2019-02-28 14:03:22,814[0;39m WARN [main] [1;31morg.springframework.boot.web.servlet.context.AnnotationConfigServletWebServerApplicationContext[0;39m [AbstractApplicationContext.java:554] [1;35mException encountered during context initialization - cancelling refresh attempt: org.springframework.beans.factory.BeanCreationException: Error creating bean with name 'dataSourceInitializer' defined in class path resource [se/kth/iv1201/recruitmentsystem/config/AuthServerOAuth2Config.class]: Invocation of init method failed; nested exception is org.springframework.jdbc.datasource.init.CannotReadScriptException: Cannot read SQL script from ServletContext resource [/src/main/resources/sql/schema.sql]; nested exception is java.io.FileNotFoundException: Could not open ServletContext resource [/src/main/resources/sql/schema.sql][0;39m 
 
[1;32m2019-02-28 14:03:22,849[0;39m ERROR [main] [1;31morg.springframework.boot.SpringApplication[0;39m [SpringApplication.java:858] [1;35mApplication run failed[0;39m 
 
org.springframework.beans.factory.BeanCreationException: Error creating bean with name 'dataSourceInitializer' defined in class path resource [se/kth/iv1201/recruitmentsystem/config/AuthServerOAuth2Config.class]: Invocation of init method failed; nested exception is org.springframework.jdbc.datasource.init.CannotReadScriptException: Cannot read SQL script from ServletContext resource [/src/main/resources/sql/schema.sql]; nested exception is java.io.FileNotFoundException: Could not open ServletContext resource [/src/main/resources/sql/schema.sql]
	at org.springframework.beans.factory.support.AbstractAutowireCapableBeanFactory.initializeBean(AbstractAutowireCapableBeanFactory.java:1745)
	at org.springframework.beans.factory.support.AbstractAutowireCapableBeanFactory.doCreateBean(AbstractAutowireCapableBeanFactory.java:576)
	at org.springframework.beans.factory.support.AbstractAutowireCapableBeanFactory.createBean(AbstractAutowireCapableBeanFactory.java:498)
	at org.springframework.beans.factory.support.AbstractBeanFactory.lambda$doGetBean$0(AbstractBeanFactory.java:320)
	at org.springframework.beans.factory.support.DefaultSingletonBeanRegistry.getSingleton(DefaultSingletonBeanRegistry.java:222)
	at org.springframework.beans.factory.support.AbstractBeanFactory.doGetBean(AbstractBeanFactory.java:318)
	at org.springframework.beans.factory.support.AbstractBeanFactory.getBean(AbstractBeanFactory.java:199)
	at org.springframework.beans.factory.support.DefaultListableBeanFactory.preInstantiateSingletons(DefaultListableBeanFactory.java:846)
	at org.springframework.context.support.AbstractApplicationContext.finishBeanFactoryInitialization(AbstractApplicationContext.java:863)
	at org.springframework.context.support.AbstractApplicationContext.refresh(AbstractApplicationContext.java:546)
	at org.springframework.boot.web.servlet.context.ServletWebServerApplicationContext.refresh(ServletWebServerApplicationContext.java:142)
	at org.springframework.boot.SpringApplication.refresh(SpringApplication.java:775)
	at org.springframework.boot.SpringApplication.refreshContext(SpringApplication.java:397)
	at org.springframework.boot.SpringApplication.run(SpringApplication.java:316)
	at org.springframework.boot.SpringApplication.run(SpringApplication.java:1260)
	at org.springframework.boot.SpringApplication.run(SpringApplication.java:1248)
	at se.kth.iv1201.recruitmentsystem.RecruitmentSystemApplication.main(RecruitmentSystemApplication.java:13)
Caused by: org.springframework.jdbc.datasource.init.CannotReadScriptException: Cannot read SQL script from ServletContext resource [/src/main/resources/sql/schema.sql]; nested exception is java.io.FileNotFoundException: Could not open ServletContext resource [/src/main/resources/sql/schema.sql]
	at org.springframework.jdbc.datasource.init.ScriptUtils.executeSqlScript(ScriptUtils.java:466)
	at org.springframework.jdbc.datasource.init.ResourceDatabasePopulator.populate(ResourceDatabasePopulator.java:240)
	at org.springframework.jdbc.datasource.init.DatabasePopulatorUtils.execute(DatabasePopulatorUtils.java:48)
	at org.springframework.jdbc.datasource.init.DataSourceInitializer.execute(DataSourceInitializer.java:111)
	at org.springframework.jdbc.datasource.init.DataSourceInitializer.afterPropertiesSet(DataSourceInitializer.java:96)
	at org.springframework.beans.factory.support.AbstractAutowireCapableBeanFactory.invokeInitMethods(AbstractAutowireCapableBeanFactory.java:1804)
	at org.springframework.beans.factory.support.AbstractAutowireCapableBeanFactory.initializeBean(AbstractAutowireCapableBeanFactory.java:1741)
	... 16 common frames omitted
Caused by: java.io.FileNotFoundException: Could not open ServletContext resource [/src/main/resources/sql/schema.sql]
	at org.springframework.web.context.support.ServletContextResource.getInputStream(ServletContextResource.java:158)
	at org.springframework.core.io.support.EncodedResource.getReader(EncodedResource.java:146)
	at org.springframework.jdbc.datasource.init.ScriptUtils.readScript(ScriptUtils.java:282)
	at org.springframework.jdbc.datasource.init.ScriptUtils.executeSqlScript(ScriptUtils.java:463)
	... 22 common frames omitted
[1;32m2019-02-28 14:05:25,183[0;39m INFO [main] [1;31mse.kth.iv1201.recruitmentsystem.RecruitmentSystemApplication[0;39m [StartupInfoLogger.java:50] [1;35mStarting RecruitmentSystemApplication on DESKTOP-IJMVNPD with PID 20388 (started by Joey in C:\Users\Joey\Documents\Skola\Kurser\Design of Global Applications (IV1201)\IV1201-Project)[0;39m 
 
[1;32m2019-02-28 14:05:25,186[0;39m DEBUG [main] [1;31mse.kth.iv1201.recruitmentsystem.RecruitmentSystemApplication[0;39m [StartupInfoLogger.java:53] [1;35mRunning with Spring Boot v2.1.2.RELEASE, Spring v5.1.4.RELEASE[0;39m 
 
[1;32m2019-02-28 14:05:25,188[0;39m INFO [main] [1;31mse.kth.iv1201.recruitmentsystem.RecruitmentSystemApplication[0;39m [SpringApplication.java:675] [1;35mNo active profile set, falling back to default profiles: default[0;39m 
 
[1;32m2019-02-28 14:05:29,183[0;39m WARN [main] [1;31morg.springframework.boot.web.servlet.context.AnnotationConfigServletWebServerApplicationContext[0;39m [AbstractApplicationContext.java:554] [1;35mException encountered during context initialization - cancelling refresh attempt: org.springframework.beans.factory.BeanCreationException: Error creating bean with name 'dataSourceInitializer' defined in class path resource [se/kth/iv1201/recruitmentsystem/config/AuthServerOAuth2Config.class]: Invocation of init method failed; nested exception is org.springframework.jdbc.datasource.init.CannotReadScriptException: Cannot read SQL script from class path resource [src/main/resources/sql/schema.sql]; nested exception is java.io.FileNotFoundException: class path resource [src/main/resources/sql/schema.sql] cannot be opened because it does not exist[0;39m 
 
[1;32m2019-02-28 14:05:29,199[0;39m ERROR [main] [1;31morg.springframework.boot.SpringApplication[0;39m [SpringApplication.java:858] [1;35mApplication run failed[0;39m 
 
org.springframework.beans.factory.BeanCreationException: Error creating bean with name 'dataSourceInitializer' defined in class path resource [se/kth/iv1201/recruitmentsystem/config/AuthServerOAuth2Config.class]: Invocation of init method failed; nested exception is org.springframework.jdbc.datasource.init.CannotReadScriptException: Cannot read SQL script from class path resource [src/main/resources/sql/schema.sql]; nested exception is java.io.FileNotFoundException: class path resource [src/main/resources/sql/schema.sql] cannot be opened because it does not exist
	at org.springframework.beans.factory.support.AbstractAutowireCapableBeanFactory.initializeBean(AbstractAutowireCapableBeanFactory.java:1745)
	at org.springframework.beans.factory.support.AbstractAutowireCapableBeanFactory.doCreateBean(AbstractAutowireCapableBeanFactory.java:576)
	at org.springframework.beans.factory.support.AbstractAutowireCapableBeanFactory.createBean(AbstractAutowireCapableBeanFactory.java:498)
	at org.springframework.beans.factory.support.AbstractBeanFactory.lambda$doGetBean$0(AbstractBeanFactory.java:320)
	at org.springframework.beans.factory.support.DefaultSingletonBeanRegistry.getSingleton(DefaultSingletonBeanRegistry.java:222)
	at org.springframework.beans.factory.support.AbstractBeanFactory.doGetBean(AbstractBeanFactory.java:318)
	at org.springframework.beans.factory.support.AbstractBeanFactory.getBean(AbstractBeanFactory.java:199)
	at org.springframework.beans.factory.support.DefaultListableBeanFactory.preInstantiateSingletons(DefaultListableBeanFactory.java:846)
	at org.springframework.context.support.AbstractApplicationContext.finishBeanFactoryInitialization(AbstractApplicationContext.java:863)
	at org.springframework.context.support.AbstractApplicationContext.refresh(AbstractApplicationContext.java:546)
	at org.springframework.boot.web.servlet.context.ServletWebServerApplicationContext.refresh(ServletWebServerApplicationContext.java:142)
	at org.springframework.boot.SpringApplication.refresh(SpringApplication.java:775)
	at org.springframework.boot.SpringApplication.refreshContext(SpringApplication.java:397)
	at org.springframework.boot.SpringApplication.run(SpringApplication.java:316)
	at org.springframework.boot.SpringApplication.run(SpringApplication.java:1260)
	at org.springframework.boot.SpringApplication.run(SpringApplication.java:1248)
	at se.kth.iv1201.recruitmentsystem.RecruitmentSystemApplication.main(RecruitmentSystemApplication.java:13)
Caused by: org.springframework.jdbc.datasource.init.CannotReadScriptException: Cannot read SQL script from class path resource [src/main/resources/sql/schema.sql]; nested exception is java.io.FileNotFoundException: class path resource [src/main/resources/sql/schema.sql] cannot be opened because it does not exist
	at org.springframework.jdbc.datasource.init.ScriptUtils.executeSqlScript(ScriptUtils.java:466)
	at org.springframework.jdbc.datasource.init.ResourceDatabasePopulator.populate(ResourceDatabasePopulator.java:240)
	at org.springframework.jdbc.datasource.init.DatabasePopulatorUtils.execute(DatabasePopulatorUtils.java:48)
	at org.springframework.jdbc.datasource.init.DataSourceInitializer.execute(DataSourceInitializer.java:111)
	at org.springframework.jdbc.datasource.init.DataSourceInitializer.afterPropertiesSet(DataSourceInitializer.java:96)
	at org.springframework.beans.factory.support.AbstractAutowireCapableBeanFactory.invokeInitMethods(AbstractAutowireCapableBeanFactory.java:1804)
	at org.springframework.beans.factory.support.AbstractAutowireCapableBeanFactory.initializeBean(AbstractAutowireCapableBeanFactory.java:1741)
	... 16 common frames omitted
Caused by: java.io.FileNotFoundException: class path resource [src/main/resources/sql/schema.sql] cannot be opened because it does not exist
	at org.springframework.core.io.ClassPathResource.getInputStream(ClassPathResource.java:180)
	at org.springframework.core.io.support.EncodedResource.getReader(EncodedResource.java:146)
	at org.springframework.jdbc.datasource.init.ScriptUtils.readScript(ScriptUtils.java:282)
	at org.springframework.jdbc.datasource.init.ScriptUtils.executeSqlScript(ScriptUtils.java:463)
	... 22 common frames omitted
[1;32m2019-02-28 14:06:29,334[0;39m INFO [main] [1;31mse.kth.iv1201.recruitmentsystem.RecruitmentSystemApplication[0;39m [StartupInfoLogger.java:50] [1;35mStarting RecruitmentSystemApplication on DESKTOP-IJMVNPD with PID 7456 (started by Joey in C:\Users\Joey\Documents\Skola\Kurser\Design of Global Applications (IV1201)\IV1201-Project)[0;39m 
 
[1;32m2019-02-28 14:06:29,338[0;39m DEBUG [main] [1;31mse.kth.iv1201.recruitmentsystem.RecruitmentSystemApplication[0;39m [StartupInfoLogger.java:53] [1;35mRunning with Spring Boot v2.1.2.RELEASE, Spring v5.1.4.RELEASE[0;39m 
 
[1;32m2019-02-28 14:06:29,339[0;39m INFO [main] [1;31mse.kth.iv1201.recruitmentsystem.RecruitmentSystemApplication[0;39m [SpringApplication.java:675] [1;35mNo active profile set, falling back to default profiles: default[0;39m 
 
[1;32m2019-02-28 14:06:33,783[0;39m WARN [main] [1;31morg.springframework.boot.web.servlet.context.AnnotationConfigServletWebServerApplicationContext[0;39m [AbstractApplicationContext.java:554] [1;35mException encountered during context initialization - cancelling refresh attempt: org.springframework.beans.factory.BeanCreationException: Error creating bean with name 'dataSourceInitializer' defined in class path resource [se/kth/iv1201/recruitmentsystem/config/AuthServerOAuth2Config.class]: Invocation of init method failed; nested exception is org.springframework.jdbc.datasource.init.CannotReadScriptException: Cannot read SQL script from class path resource [src/main/resources/sql/schema.sql]; nested exception is java.io.FileNotFoundException: class path resource [src/main/resources/sql/schema.sql] cannot be opened because it does not exist[0;39m 
 
[1;32m2019-02-28 14:06:33,804[0;39m ERROR [main] [1;31morg.springframework.boot.SpringApplication[0;39m [SpringApplication.java:858] [1;35mApplication run failed[0;39m 
 
org.springframework.beans.factory.BeanCreationException: Error creating bean with name 'dataSourceInitializer' defined in class path resource [se/kth/iv1201/recruitmentsystem/config/AuthServerOAuth2Config.class]: Invocation of init method failed; nested exception is org.springframework.jdbc.datasource.init.CannotReadScriptException: Cannot read SQL script from class path resource [src/main/resources/sql/schema.sql]; nested exception is java.io.FileNotFoundException: class path resource [src/main/resources/sql/schema.sql] cannot be opened because it does not exist
	at org.springframework.beans.factory.support.AbstractAutowireCapableBeanFactory.initializeBean(AbstractAutowireCapableBeanFactory.java:1745)
	at org.springframework.beans.factory.support.AbstractAutowireCapableBeanFactory.doCreateBean(AbstractAutowireCapableBeanFactory.java:576)
	at org.springframework.beans.factory.support.AbstractAutowireCapableBeanFactory.createBean(AbstractAutowireCapableBeanFactory.java:498)
	at org.springframework.beans.factory.support.AbstractBeanFactory.lambda$doGetBean$0(AbstractBeanFactory.java:320)
	at org.springframework.beans.factory.support.DefaultSingletonBeanRegistry.getSingleton(DefaultSingletonBeanRegistry.java:222)
	at org.springframework.beans.factory.support.AbstractBeanFactory.doGetBean(AbstractBeanFactory.java:318)
	at org.springframework.beans.factory.support.AbstractBeanFactory.getBean(AbstractBeanFactory.java:199)
	at org.springframework.beans.factory.support.DefaultListableBeanFactory.preInstantiateSingletons(DefaultListableBeanFactory.java:846)
	at org.springframework.context.support.AbstractApplicationContext.finishBeanFactoryInitialization(AbstractApplicationContext.java:863)
	at org.springframework.context.support.AbstractApplicationContext.refresh(AbstractApplicationContext.java:546)
	at org.springframework.boot.web.servlet.context.ServletWebServerApplicationContext.refresh(ServletWebServerApplicationContext.java:142)
	at org.springframework.boot.SpringApplication.refresh(SpringApplication.java:775)
	at org.springframework.boot.SpringApplication.refreshContext(SpringApplication.java:397)
	at org.springframework.boot.SpringApplication.run(SpringApplication.java:316)
	at org.springframework.boot.SpringApplication.run(SpringApplication.java:1260)
	at org.springframework.boot.SpringApplication.run(SpringApplication.java:1248)
	at se.kth.iv1201.recruitmentsystem.RecruitmentSystemApplication.main(RecruitmentSystemApplication.java:13)
Caused by: org.springframework.jdbc.datasource.init.CannotReadScriptException: Cannot read SQL script from class path resource [src/main/resources/sql/schema.sql]; nested exception is java.io.FileNotFoundException: class path resource [src/main/resources/sql/schema.sql] cannot be opened because it does not exist
	at org.springframework.jdbc.datasource.init.ScriptUtils.executeSqlScript(ScriptUtils.java:466)
	at org.springframework.jdbc.datasource.init.ResourceDatabasePopulator.populate(ResourceDatabasePopulator.java:240)
	at org.springframework.jdbc.datasource.init.DatabasePopulatorUtils.execute(DatabasePopulatorUtils.java:48)
	at org.springframework.jdbc.datasource.init.DataSourceInitializer.execute(DataSourceInitializer.java:111)
	at org.springframework.jdbc.datasource.init.DataSourceInitializer.afterPropertiesSet(DataSourceInitializer.java:96)
	at org.springframework.beans.factory.support.AbstractAutowireCapableBeanFactory.invokeInitMethods(AbstractAutowireCapableBeanFactory.java:1804)
	at org.springframework.beans.factory.support.AbstractAutowireCapableBeanFactory.initializeBean(AbstractAutowireCapableBeanFactory.java:1741)
	... 16 common frames omitted
Caused by: java.io.FileNotFoundException: class path resource [src/main/resources/sql/schema.sql] cannot be opened because it does not exist
	at org.springframework.core.io.ClassPathResource.getInputStream(ClassPathResource.java:180)
	at org.springframework.core.io.support.EncodedResource.getReader(EncodedResource.java:146)
	at org.springframework.jdbc.datasource.init.ScriptUtils.readScript(ScriptUtils.java:282)
	at org.springframework.jdbc.datasource.init.ScriptUtils.executeSqlScript(ScriptUtils.java:463)
	... 22 common frames omitted
[1;32m2019-02-28 14:10:51,490[0;39m INFO [main] [1;31mse.kth.iv1201.recruitmentsystem.RecruitmentSystemApplication[0;39m [StartupInfoLogger.java:50] [1;35mStarting RecruitmentSystemApplication on DESKTOP-IJMVNPD with PID 18488 (started by Joey in C:\Users\Joey\Documents\Skola\Kurser\Design of Global Applications (IV1201)\IV1201-Project)[0;39m 
 
[1;32m2019-02-28 14:10:51,494[0;39m DEBUG [main] [1;31mse.kth.iv1201.recruitmentsystem.RecruitmentSystemApplication[0;39m [StartupInfoLogger.java:53] [1;35mRunning with Spring Boot v2.1.2.RELEASE, Spring v5.1.4.RELEASE[0;39m 
 
[1;32m2019-02-28 14:10:51,495[0;39m INFO [main] [1;31mse.kth.iv1201.recruitmentsystem.RecruitmentSystemApplication[0;39m [SpringApplication.java:675] [1;35mNo active profile set, falling back to default profiles: default[0;39m 
 
[1;32m2019-02-28 14:10:55,137[0;39m WARN [main] [1;31morg.springframework.boot.web.servlet.context.AnnotationConfigServletWebServerApplicationContext[0;39m [AbstractApplicationContext.java:554] [1;35mException encountered during context initialization - cancelling refresh attempt: org.springframework.beans.factory.BeanCreationException: Error creating bean with name 'dataSourceInitializer' defined in class path resource [se/kth/iv1201/recruitmentsystem/config/AuthServerOAuth2Config.class]: Invocation of init method failed; nested exception is org.springframework.jdbc.datasource.init.CannotReadScriptException: Cannot read SQL script from class path resource [src/main/resources/sql/schema.sql]; nested exception is java.io.FileNotFoundException: class path resource [src/main/resources/sql/schema.sql] cannot be opened because it does not exist[0;39m 
 
[1;32m2019-02-28 14:10:55,158[0;39m ERROR [main] [1;31morg.springframework.boot.SpringApplication[0;39m [SpringApplication.java:858] [1;35mApplication run failed[0;39m 
 
org.springframework.beans.factory.BeanCreationException: Error creating bean with name 'dataSourceInitializer' defined in class path resource [se/kth/iv1201/recruitmentsystem/config/AuthServerOAuth2Config.class]: Invocation of init method failed; nested exception is org.springframework.jdbc.datasource.init.CannotReadScriptException: Cannot read SQL script from class path resource [src/main/resources/sql/schema.sql]; nested exception is java.io.FileNotFoundException: class path resource [src/main/resources/sql/schema.sql] cannot be opened because it does not exist
	at org.springframework.beans.factory.support.AbstractAutowireCapableBeanFactory.initializeBean(AbstractAutowireCapableBeanFactory.java:1745)
	at org.springframework.beans.factory.support.AbstractAutowireCapableBeanFactory.doCreateBean(AbstractAutowireCapableBeanFactory.java:576)
	at org.springframework.beans.factory.support.AbstractAutowireCapableBeanFactory.createBean(AbstractAutowireCapableBeanFactory.java:498)
	at org.springframework.beans.factory.support.AbstractBeanFactory.lambda$doGetBean$0(AbstractBeanFactory.java:320)
	at org.springframework.beans.factory.support.DefaultSingletonBeanRegistry.getSingleton(DefaultSingletonBeanRegistry.java:222)
	at org.springframework.beans.factory.support.AbstractBeanFactory.doGetBean(AbstractBeanFactory.java:318)
	at org.springframework.beans.factory.support.AbstractBeanFactory.getBean(AbstractBeanFactory.java:199)
	at org.springframework.beans.factory.support.DefaultListableBeanFactory.preInstantiateSingletons(DefaultListableBeanFactory.java:846)
	at org.springframework.context.support.AbstractApplicationContext.finishBeanFactoryInitialization(AbstractApplicationContext.java:863)
	at org.springframework.context.support.AbstractApplicationContext.refresh(AbstractApplicationContext.java:546)
	at org.springframework.boot.web.servlet.context.ServletWebServerApplicationContext.refresh(ServletWebServerApplicationContext.java:142)
	at org.springframework.boot.SpringApplication.refresh(SpringApplication.java:775)
	at org.springframework.boot.SpringApplication.refreshContext(SpringApplication.java:397)
	at org.springframework.boot.SpringApplication.run(SpringApplication.java:316)
	at org.springframework.boot.SpringApplication.run(SpringApplication.java:1260)
	at org.springframework.boot.SpringApplication.run(SpringApplication.java:1248)
	at se.kth.iv1201.recruitmentsystem.RecruitmentSystemApplication.main(RecruitmentSystemApplication.java:13)
Caused by: org.springframework.jdbc.datasource.init.CannotReadScriptException: Cannot read SQL script from class path resource [src/main/resources/sql/schema.sql]; nested exception is java.io.FileNotFoundException: class path resource [src/main/resources/sql/schema.sql] cannot be opened because it does not exist
	at org.springframework.jdbc.datasource.init.ScriptUtils.executeSqlScript(ScriptUtils.java:466)
	at org.springframework.jdbc.datasource.init.ResourceDatabasePopulator.populate(ResourceDatabasePopulator.java:240)
	at org.springframework.jdbc.datasource.init.DatabasePopulatorUtils.execute(DatabasePopulatorUtils.java:48)
	at org.springframework.jdbc.datasource.init.DataSourceInitializer.execute(DataSourceInitializer.java:111)
	at org.springframework.jdbc.datasource.init.DataSourceInitializer.afterPropertiesSet(DataSourceInitializer.java:96)
	at org.springframework.beans.factory.support.AbstractAutowireCapableBeanFactory.invokeInitMethods(AbstractAutowireCapableBeanFactory.java:1804)
	at org.springframework.beans.factory.support.AbstractAutowireCapableBeanFactory.initializeBean(AbstractAutowireCapableBeanFactory.java:1741)
	... 16 common frames omitted
Caused by: java.io.FileNotFoundException: class path resource [src/main/resources/sql/schema.sql] cannot be opened because it does not exist
	at org.springframework.core.io.ClassPathResource.getInputStream(ClassPathResource.java:180)
	at org.springframework.core.io.support.EncodedResource.getReader(EncodedResource.java:146)
	at org.springframework.jdbc.datasource.init.ScriptUtils.readScript(ScriptUtils.java:282)
	at org.springframework.jdbc.datasource.init.ScriptUtils.executeSqlScript(ScriptUtils.java:463)
	... 22 common frames omitted
[1;32m2019-02-28 14:11:22,021[0;39m INFO [main] [1;31mse.kth.iv1201.recruitmentsystem.RecruitmentSystemApplication[0;39m [StartupInfoLogger.java:50] [1;35mStarting RecruitmentSystemApplication on DESKTOP-IJMVNPD with PID 24100 (started by Joey in C:\Users\Joey\Documents\Skola\Kurser\Design of Global Applications (IV1201)\IV1201-Project)[0;39m 
 
[1;32m2019-02-28 14:11:22,025[0;39m DEBUG [main] [1;31mse.kth.iv1201.recruitmentsystem.RecruitmentSystemApplication[0;39m [StartupInfoLogger.java:53] [1;35mRunning with Spring Boot v2.1.2.RELEASE, Spring v5.1.4.RELEASE[0;39m 
 
[1;32m2019-02-28 14:11:22,026[0;39m INFO [main] [1;31mse.kth.iv1201.recruitmentsystem.RecruitmentSystemApplication[0;39m [SpringApplication.java:675] [1;35mNo active profile set, falling back to default profiles: default[0;39m 
 
[1;32m2019-02-28 14:11:26,546[0;39m INFO [main] [1;31mse.kth.iv1201.recruitmentsystem.RecruitmentSystemApplication[0;39m [StartupInfoLogger.java:59] [1;35mStarted RecruitmentSystemApplication in 5.397 seconds (JVM running for 7.849)[0;39m 
 
[1;32m2019-02-28 14:13:47,407[0;39m INFO [main] [1;31mse.kth.iv1201.recruitmentsystem.RecruitmentSystemApplication[0;39m [StartupInfoLogger.java:50] [1;35mStarting RecruitmentSystemApplication on DESKTOP-IJMVNPD with PID 24108 (started by Joey in C:\Users\Joey\Documents\Skola\Kurser\Design of Global Applications (IV1201)\IV1201-Project)[0;39m 
 
[1;32m2019-02-28 14:13:47,410[0;39m DEBUG [main] [1;31mse.kth.iv1201.recruitmentsystem.RecruitmentSystemApplication[0;39m [StartupInfoLogger.java:53] [1;35mRunning with Spring Boot v2.1.2.RELEASE, Spring v5.1.4.RELEASE[0;39m 
 
[1;32m2019-02-28 14:13:47,411[0;39m INFO [main] [1;31mse.kth.iv1201.recruitmentsystem.RecruitmentSystemApplication[0;39m [SpringApplication.java:675] [1;35mNo active profile set, falling back to default profiles: default[0;39m 
 
[1;32m2019-02-28 14:13:52,107[0;39m INFO [main] [1;31mse.kth.iv1201.recruitmentsystem.RecruitmentSystemApplication[0;39m [StartupInfoLogger.java:59] [1;35mStarted RecruitmentSystemApplication in 5.372 seconds (JVM running for 6.796)[0;39m 
 
[1;32m2019-02-28 14:15:29,811[0;39m WARN [http-nio-8080-exec-2] [1;31morg.springframework.web.servlet.mvc.support.DefaultHandlerExceptionResolver[0;39m [AbstractHandlerExceptionResolver.java:194] [1;35mResolved [org.springframework.web.HttpRequestMethodNotSupportedException: Request method 'POST' not supported][0;39m 
 
