[1;32m2019-02-28 12:14:31,132[0;39m INFO [main] [1;31mse.kth.iv1201.recruitmentsystem.RecruitmentSystemApplication[0;39m [StartupInfoLogger.java:50] [1;35mStarting RecruitmentSystemApplication on DESKTOP-1L7G4EE with PID 19728 (C:\Users\Felix\Documents\Arkitektur-och-design-av-globala-applikationer-IV1201\IV1201-Project\target\classes started by Felix in C:\Users\Felix\Documents\Arkitektur-och-design-av-globala-applikationer-IV1201\IV1201-Project)[0;39m 
 
[1;32m2019-02-28 12:14:31,184[0;39m DEBUG [main] [1;31mse.kth.iv1201.recruitmentsystem.RecruitmentSystemApplication[0;39m [StartupInfoLogger.java:53] [1;35mRunning with Spring Boot v2.1.2.RELEASE, Spring v5.1.4.RELEASE[0;39m 
 
[1;32m2019-02-28 12:14:31,184[0;39m INFO [main] [1;31mse.kth.iv1201.recruitmentsystem.RecruitmentSystemApplication[0;39m [SpringApplication.java:675] [1;35mNo active profile set, falling back to default profiles: default[0;39m 
 
[1;32m2019-02-28 12:14:47,730[0;39m INFO [main] [1;31mse.kth.iv1201.recruitmentsystem.RecruitmentSystemApplication[0;39m [StartupInfoLogger.java:59] [1;35mStarted RecruitmentSystemApplication in 17.844 seconds (JVM running for 20.573)[0;39m 
 
[1;32m2019-02-28 12:18:09,019[0;39m WARN [http-nio-8080-exec-1] [1;31morg.apache.catalina.util.SessionIdGeneratorBase[0;39m [DirectJDKLog.java:173] [1;35mCreation of SecureRandom instance for session ID generation using [SHA1PRNG] took [387] milliseconds.[0;39m 
 
[1;32m2019-02-28 12:18:09,107[0;39m TRACE [http-nio-8080-exec-2] [1;31mse.kth.iv1201.recruitmentsystem.presentation.app.ApplicationController[0;39m [ApplicationController.java:61] [1;35mCall to default after login view.[0;39m 
 
[1;32m2019-02-28 12:19:23,107[0;39m TRACE [http-nio-8080-exec-6] [1;31mse.kth.iv1201.recruitmentsystem.presentation.app.ApplicationController[0;39m [ApplicationController.java:108] [1;35mCall to login view.[0;39m 
 
[1;32m2019-02-28 12:21:33,872[0;39m TRACE [http-nio-8080-exec-1] [1;31mse.kth.iv1201.recruitmentsystem.presentation.app.ApplicationController[0;39m [ApplicationController.java:94] [1;35mCall to registration view.[0;39m 
 
[1;32m2019-02-28 12:22:00,799[0;39m TRACE [http-nio-8080-exec-4] [1;31mse.kth.iv1201.recruitmentsystem.presentation.app.ApplicationController[0;39m [ApplicationController.java:199] [1;35mPost of registration data.[0;39m 
 
[1;32m2019-02-28 12:22:00,803[0;39m TRACE [http-nio-8080-exec-4] [1;31mse.kth.iv1201.recruitmentsystem.presentation.app.ApplicationController[0;39m [ApplicationController.java:200] [1;35mForm data: se.kth.iv1201.recruitmentsystem.presentation.app.RegistrationForm@636eb76[0;39m 
 
[1;32m2019-02-28 12:22:00,927[0;39m TRACE [http-nio-8080-exec-4] [1;31mse.kth.iv1201.recruitmentsystem.presentation.app.ApplicationController[0;39m [ApplicationController.java:108] [1;35mCall to login view.[0;39m 
 
[1;32m2019-02-28 12:22:12,151[0;39m TRACE [http-nio-8080-exec-7] [1;31mse.kth.iv1201.recruitmentsystem.presentation.app.ApplicationController[0;39m [ApplicationController.java:61] [1;35mCall to default after login view.[0;39m 
 
[1;32m2019-02-28 12:22:12,175[0;39m TRACE [http-nio-8080-exec-9] [1;31mse.kth.iv1201.recruitmentsystem.presentation.app.ApplicationController[0;39m [ApplicationController.java:125] [1;35mCall to application view.[0;39m 
 
[1;32m2019-02-28 12:22:13,998[0;39m TRACE [http-nio-8080-exec-3] [1;31mse.kth.iv1201.recruitmentsystem.presentation.app.ApplicationController[0;39m [ApplicationController.java:260] [1;35mPost user application data.[0;39m 
 
[1;32m2019-02-28 12:22:13,998[0;39m TRACE [http-nio-8080-exec-3] [1;31mse.kth.iv1201.recruitmentsystem.presentation.app.ApplicationController[0;39m [ApplicationController.java:261] [1;35mForm data: se.kth.iv1201.recruitmentsystem.presentation.app.ApplicationForm@5eee2a94[0;39m 
 
[1;32m2019-02-28 12:22:14,002[0;39m TRACE [http-nio-8080-exec-3] [1;31mse.kth.iv1201.recruitmentsystem.presentation.app.ApplicationController[0;39m [ApplicationController.java:125] [1;35mCall to application view.[0;39m 
 
[1;32m2019-02-28 12:22:21,811[0;39m TRACE [http-nio-8080-exec-6] [1;31mse.kth.iv1201.recruitmentsystem.presentation.app.ApplicationController[0;39m [ApplicationController.java:260] [1;35mPost user application data.[0;39m 
 
[1;32m2019-02-28 12:22:21,815[0;39m TRACE [http-nio-8080-exec-6] [1;31mse.kth.iv1201.recruitmentsystem.presentation.app.ApplicationController[0;39m [ApplicationController.java:261] [1;35mForm data: se.kth.iv1201.recruitmentsystem.presentation.app.ApplicationForm@6a1251e7[0;39m 
 
[1;32m2019-02-28 12:22:29,764[0;39m TRACE [http-nio-8080-exec-7] [1;31mse.kth.iv1201.recruitmentsystem.presentation.app.ApplicationController[0;39m [ApplicationController.java:125] [1;35mCall to application view.[0;39m 
 
[1;32m2019-02-28 12:25:04,495[0;39m TRACE [http-nio-8080-exec-2] [1;31mse.kth.iv1201.recruitmentsystem.presentation.app.ApplicationController[0;39m [ApplicationController.java:125] [1;35mCall to application view.[0;39m 
 
